<?xml version="1.0" encoding="UTF-8"?>
<!-- Generated by org.testng.reporters.JUnitReportReporter -->
<testsuite skipped="0" hostname="Personal-PC" name="orangehrm.test.Login_Test" tests="1" failures="0" timestamp="06 Sep 2018 04:38:06 GMT" time="8.110" errors="0">
  <testcase name="loginTest" time="8.110" classname="orangehrm.test.Login_Test"/>
</testsuite> <!-- orangehrm.test.Login_Test -->
