<?xml version="1.0" encoding="UTF-8"?>
<!-- Generated by org.testng.reporters.JUnitReportReporter -->
<testsuite skipped="0" hostname="Personal-PC" name="orangehrm.test.LeavePageTest" tests="2" failures="0" timestamp="06 Sep 2018 06:39:05 GMT" time="31.653" errors="0">
  <testcase name="verifyClickApplyLeaveLink" time="18.412" classname="orangehrm.test.LeavePageTest"/>
  <testcase name="verifyClickMyLeaveLink" time="13.241" classname="orangehrm.test.LeavePageTest"/>
</testsuite> <!-- orangehrm.test.LeavePageTest -->
