<?xml version="1.0" encoding="UTF-8"?>
<!-- Generated by org.testng.reporters.JUnitReportReporter -->
<testsuite skipped="0" hostname="Damn" name="orangehrm.test.HomePageTest" tests="5" failures="0" timestamp="10 Sep 2018 10:14:06 GMT" time="93.637" errors="0">
  <testcase name="verifyHomePageTest" time="12.538" classname="orangehrm.test.HomePageTest"/>
  <testcase name="verifyclickLeaveLinkTest" time="21.648" classname="orangehrm.test.HomePageTest"/>
  <testcase name="verifyClickTimeLinkPage" time="22.816" classname="orangehrm.test.HomePageTest"/>
  <testcase name="verifyClickMyInfoLinkPage" time="15.702" classname="orangehrm.test.HomePageTest"/>
  <testcase name="veriftClickDashboardLinkPage" time="20.933" classname="orangehrm.test.HomePageTest"/>
</testsuite> <!-- orangehrm.test.HomePageTest -->
