<?xml version="1.0" encoding="UTF-8"?>
<!-- Generated by org.testng.reporters.JUnitReportReporter -->
<testsuite skipped="0" hostname="Personal-PC" name="orangehrm.test.Login_Test" tests="1" failures="0" timestamp="05 Sep 2018 18:03:59 GMT" time="27.451" errors="0">
  <testcase name="loginTest" time="27.451" classname="orangehrm.test.Login_Test"/>
</testsuite> <!-- orangehrm.test.Login_Test -->
