<?xml version="1.0" encoding="UTF-8"?>
<!-- Generated by org.testng.reporters.JUnitReportReporter -->
<testsuite skipped="0" hostname="Personal-PC" name="orangehrm.test.HomePageTest" tests="5" failures="0" timestamp="06 Sep 2018 05:52:05 GMT" time="66.071" errors="0">
  <testcase name="verifyHomePageTest" time="8.103" classname="orangehrm.test.HomePageTest"/>
  <testcase name="verifyclickLeaveLinkTest" time="17.366" classname="orangehrm.test.HomePageTest"/>
  <testcase name="verifyClickTimeLinkPage" time="12.836" classname="orangehrm.test.HomePageTest"/>
  <testcase name="verifyClickMyInfoLinkPage" time="16.010" classname="orangehrm.test.HomePageTest"/>
  <testcase name="veriftClickDashboardLinkPage" time="11.756" classname="orangehrm.test.HomePageTest"/>
</testsuite> <!-- orangehrm.test.HomePageTest -->
